# JRE version: Java(TM) SE Runtime Environment (19.0.1+10) (build 19.0.1+10-21)
# Java VM: Java HotSpot(TM) 64-Bit Server VM (19.0.1+10-21, mixed mode, sharing, tiered, compressed oops, compressed class ptrs, g1 gc, windows-amd64)
GC Precious Log:
 CardTable entry size: 512
 Card Set container configuration: InlinePtr #cards 5 size 8 Array Of Cards #cards 12 size 40 Howl #buckets 4 coarsen threshold 1843 Howl Bitmap #cards 512 size 80 coarsen threshold 460 Card regions per heap region 1 cards per card region 2048
 CPUs: 12 total, 12 available
 Memory: 16233M
 Large Page Support: Disabled
 NUMA Support: Disabled
 Compressed Oops: Enabled (32-bit)
 Heap Region Size: 1M
 Heap Min Capacity: 8M
 Heap Initial Capacity: 254M
 Heap Max Capacity: 2G
 Pre-touch: Disabled
 Parallel Workers: 10
 Concurrent Workers: 3
 Concurrent Refinement Workers: 10
 Periodic GC: Disabled
Heap:
 garbage-first heap   total 269312K, used 136852K [0x0000000080000000, 0x0000000100000000)
  region size 1024K, 79 young (80896K), 4 survivors (4096K)
 Metaspace       used 77822K, committed 79488K, reserved 1179648K
  class space    used 10204K, committed 11072K, reserved 1048576K
GC Heap History (20 events):
Event: 4.273 GC heap before
{Heap before GC invocations=6 (full 0):
 garbage-first heap   total 86016K, used 62641K [0x0000000080000000, 0x0000000100000000)
  region size 1024K, 38 young (38912K), 1 survivors (1024K)
 Metaspace       used 32690K, committed 33920K, reserved 1114112K
  class space    used 4565K, committed 5184K, reserved 1048576K
}
Event: 4.276 GC heap after
{Heap after GC invocations=7 (full 0):
 garbage-first heap   total 86016K, used 29122K [0x0000000080000000, 0x0000000100000000)
  region size 1024K, 4 young (4096K), 4 survivors (4096K)
 Metaspace       used 32690K, committed 33920K, reserved 1114112K
  class space    used 4565K, committed 5184K, reserved 1048576K
}
Event: 4.506 GC heap before
{Heap before GC invocations=7 (full 0):
 garbage-first heap   total 86016K, used 63938K [0x0000000080000000, 0x0000000100000000)
  region size 1024K, 38 young (38912K), 4 survivors (4096K)
 Metaspace       used 34001K, committed 35328K, reserved 1114112K
  class space    used 4749K, committed 5440K, reserved 1048576K
}
Event: 4.510 GC heap after
{Heap after GC invocations=8 (full 0):
 garbage-first heap   total 86016K, used 30307K [0x0000000080000000, 0x0000000100000000)
  region size 1024K, 2 young (2048K), 2 survivors (2048K)
 Metaspace       used 34001K, committed 35328K, reserved 1114112K
  class space    used 4749K, committed 5440K, reserved 1048576K
}
Event: 4.617 GC heap before
{Heap before GC invocations=8 (full 0):
 garbage-first heap   total 86016K, used 35427K [0x0000000080000000, 0x0000000100000000)
  region size 1024K, 8 young (8192K), 2 survivors (2048K)
 Metaspace       used 34695K, committed 35968K, reserved 1114112K
  class space    used 4863K, committed 5568K, reserved 1048576K
}
Event: 4.620 GC heap after
{Heap after GC invocations=9 (full 0):
 garbage-first heap   total 86016K, used 30912K [0x0000000080000000, 0x0000000100000000)
  region size 1024K, 3 young (3072K), 3 survivors (3072K)
 Metaspace       used 34695K, committed 35968K, reserved 1114112K
  class space    used 4863K, committed 5568K, reserved 1048576K
}
Event: 5.172 GC heap before
{Heap before GC invocations=10 (full 0):
 garbage-first heap   total 86016K, used 68800K [0x0000000080000000, 0x0000000100000000)
  region size 1024K, 38 young (38912K), 3 survivors (3072K)
 Metaspace       used 41399K, committed 42752K, reserved 1114112K
  class space    used 6086K, committed 6784K, reserved 1048576K
}
Event: 5.175 GC heap after
{Heap after GC invocations=11 (full 0):
 garbage-first heap   total 148480K, used 32308K [0x0000000080000000, 0x0000000100000000)
  region size 1024K, 4 young (4096K), 4 survivors (4096K)
 Metaspace       used 41399K, committed 42752K, reserved 1114112K
  class space    used 6086K, committed 6784K, reserved 1048576K
}
Event: 5.202 GC heap before
{Heap before GC invocations=11 (full 0):
 garbage-first heap   total 148480K, used 35380K [0x0000000080000000, 0x0000000100000000)
  region size 1024K, 7 young (7168K), 4 survivors (4096K)
 Metaspace       used 41824K, committed 43072K, reserved 1114112K
  class space    used 6142K, committed 6784K, reserved 1048576K
}
Event: 5.205 GC heap after
{Heap after GC invocations=12 (full 0):
 garbage-first heap   total 148480K, used 32582K [0x0000000080000000, 0x0000000100000000)
  region size 1024K, 1 young (1024K), 1 survivors (1024K)
 Metaspace       used 41824K, committed 43072K, reserved 1114112K
  class space    used 6142K, committed 6784K, reserved 1048576K
}
Event: 6.123 GC heap before
{Heap before GC invocations=12 (full 0):
 garbage-first heap   total 148480K, used 123718K [0x0000000080000000, 0x0000000100000000)
  region size 1024K, 84 young (86016K), 1 survivors (1024K)
 Metaspace       used 53236K, committed 54592K, reserved 1114112K
  class space    used 7501K, committed 8192K, reserved 1048576K
}
Event: 6.128 GC heap after
{Heap after GC invocations=13 (full 0):
 garbage-first heap   total 148480K, used 44920K [0x0000000080000000, 0x0000000100000000)
  region size 1024K, 6 young (6144K), 6 survivors (6144K)
 Metaspace       used 53236K, committed 54592K, reserved 1114112K
  class space    used 7501K, committed 8192K, reserved 1048576K
}
Event: 6.802 GC heap before
{Heap before GC invocations=13 (full 0):
 garbage-first heap   total 148480K, used 115576K [0x0000000080000000, 0x0000000100000000)
  region size 1024K, 69 young (70656K), 6 survivors (6144K)
 Metaspace       used 58895K, committed 60160K, reserved 1114112K
  class space    used 8108K, committed 8768K, reserved 1048576K
}
Event: 6.810 GC heap after
{Heap after GC invocations=14 (full 0):
 garbage-first heap   total 148480K, used 53699K [0x0000000080000000, 0x0000000100000000)
  region size 1024K, 9 young (9216K), 9 survivors (9216K)
 Metaspace       used 58895K, committed 60160K, reserved 1114112K
  class space    used 8108K, committed 8768K, reserved 1048576K
}
Event: 7.428 GC heap before
{Heap before GC invocations=15 (full 0):
 garbage-first heap   total 148480K, used 115139K [0x0000000080000000, 0x0000000100000000)
  region size 1024K, 69 young (70656K), 9 survivors (9216K)
 Metaspace       used 66079K, committed 67776K, reserved 1114112K
  class space    used 8883K, committed 9792K, reserved 1048576K
}
Event: 7.434 GC heap after
{Heap after GC invocations=16 (full 0):
 garbage-first heap   total 148480K, used 57952K [0x0000000080000000, 0x0000000100000000)
  region size 1024K, 5 young (5120K), 5 survivors (5120K)
 Metaspace       used 66079K, committed 67776K, reserved 1114112K
  class space    used 8883K, committed 9792K, reserved 1048576K
}
Event: 7.455 GC heap before
{Heap before GC invocations=16 (full 0):
 garbage-first heap   total 148480K, used 60000K [0x0000000080000000, 0x0000000100000000)
  region size 1024K, 7 young (7168K), 5 survivors (5120K)
 Metaspace       used 66369K, committed 68032K, reserved 1114112K
  class space    used 8922K, committed 9792K, reserved 1048576K
}
Event: 7.459 GC heap after
{Heap after GC invocations=17 (full 0):
 garbage-first heap   total 148480K, used 58536K [0x0000000080000000, 0x0000000100000000)
  region size 1024K, 1 young (1024K), 1 survivors (1024K)
 Metaspace       used 66369K, committed 68032K, reserved 1114112K
  class space    used 8922K, committed 9792K, reserved 1048576K
}
Event: 8.082 GC heap before
{Heap before GC invocations=17 (full 0):
 garbage-first heap   total 148480K, used 116904K [0x0000000080000000, 0x0000000100000000)
  region size 1024K, 58 young (59392K), 1 survivors (1024K)
 Metaspace       used 72446K, committed 74112K, reserved 1114112K
  class space    used 9649K, committed 10496K, reserved 1048576K
}
Event: 8.086 GC heap after
{Heap after GC invocations=18 (full 0):
 garbage-first heap   total 269312K, used 61076K [0x0000000080000000, 0x0000000100000000)
  region size 1024K, 4 young (4096K), 4 survivors (4096K)
 Metaspace       used 72446K, committed 74112K, reserved 1114112K
  class space    used 9649K, committed 10496K, reserved 1048576K
}

