# JRE version: Java(TM) SE Runtime Environment (19.0.1+10) (build 19.0.1+10-21)
# Java VM: Java HotSpot(TM) 64-Bit Server VM (19.0.1+10-21, mixed mode, sharing, tiered, compressed oops, compressed class ptrs, g1 gc, windows-amd64)
GC Precious Log:
 CardTable entry size: 512
 Card Set container configuration: InlinePtr #cards 5 size 8 Array Of Cards #cards 12 size 40 Howl #buckets 4 coarsen threshold 1843 Howl Bitmap #cards 512 size 80 coarsen threshold 460 Card regions per heap region 1 cards per card region 2048
 CPUs: 12 total, 12 available
 Memory: 16233M
 Large Page Support: Disabled
 NUMA Support: Disabled
 Compressed Oops: Enabled (32-bit)
 Heap Region Size: 1M
 Heap Min Capacity: 8M
 Heap Initial Capacity: 254M
 Heap Max Capacity: 2G
 Pre-touch: Disabled
 Parallel Workers: 10
 Concurrent Workers: 3
 Concurrent Refinement Workers: 10
 Periodic GC: Disabled
Heap:
 garbage-first heap   total 178176K, used 83383K [0x0000000080000000, 0x0000000100000000)
  region size 1024K, 6 young (6144K), 6 survivors (6144K)
 Metaspace       used 104378K, committed 106368K, reserved 1179648K
  class space    used 13311K, committed 14336K, reserved 1048576K
GC Heap History (20 events):
Event: 5.641 GC heap after
{Heap after GC invocations=13 (full 0):
 garbage-first heap   total 178176K, used 32803K [0x0000000080000000, 0x0000000100000000)
  region size 1024K, 2 young (2048K), 2 survivors (2048K)
 Metaspace       used 47994K, committed 49280K, reserved 1114112K
  class space    used 6865K, committed 7552K, reserved 1048576K
}
Event: 6.629 GC heap before
{Heap before GC invocations=13 (full 0):
 garbage-first heap   total 178176K, used 151587K [0x0000000080000000, 0x0000000100000000)
  region size 1024K, 104 young (106496K), 2 survivors (2048K)
 Metaspace       used 58445K, committed 59712K, reserved 1114112K
  class space    used 8042K, committed 8704K, reserved 1048576K
}
Event: 6.639 GC heap after
{Heap after GC invocations=14 (full 0):
 garbage-first heap   total 178176K, used 52672K [0x0000000080000000, 0x0000000100000000)
  region size 1024K, 13 young (13312K), 13 survivors (13312K)
 Metaspace       used 58445K, committed 59712K, reserved 1114112K
  class space    used 8042K, committed 8704K, reserved 1048576K
}
Event: 6.710 GC heap before
{Heap before GC invocations=14 (full 0):
 garbage-first heap   total 178176K, used 60864K [0x0000000080000000, 0x0000000100000000)
  region size 1024K, 22 young (22528K), 13 survivors (13312K)
 Metaspace       used 59261K, committed 60480K, reserved 1114112K
  class space    used 8128K, committed 8768K, reserved 1048576K
}
Event: 6.717 GC heap after
{Heap after GC invocations=15 (full 0):
 garbage-first heap   total 178176K, used 54808K [0x0000000080000000, 0x0000000100000000)
  region size 1024K, 2 young (2048K), 2 survivors (2048K)
 Metaspace       used 59261K, committed 60480K, reserved 1114112K
  class space    used 8128K, committed 8768K, reserved 1048576K
}
Event: 7.594 GC heap before
{Heap before GC invocations=16 (full 0):
 garbage-first heap   total 178176K, used 140824K [0x0000000080000000, 0x0000000100000000)
  region size 1024K, 86 young (88064K), 2 survivors (2048K)
 Metaspace       used 69785K, committed 71424K, reserved 1114112K
  class space    used 9307K, committed 10176K, reserved 1048576K
}
Event: 7.598 GC heap after
{Heap after GC invocations=17 (full 0):
 garbage-first heap   total 178176K, used 58605K [0x0000000080000000, 0x0000000100000000)
  region size 1024K, 6 young (6144K), 6 survivors (6144K)
 Metaspace       used 69785K, committed 71424K, reserved 1114112K
  class space    used 9307K, committed 10176K, reserved 1048576K
}
Event: 7.617 GC heap before
{Heap before GC invocations=17 (full 0):
 garbage-first heap   total 178176K, used 60653K [0x0000000080000000, 0x0000000100000000)
  region size 1024K, 8 young (8192K), 6 survivors (6144K)
 Metaspace       used 70165K, committed 71808K, reserved 1114112K
  class space    used 9377K, committed 10240K, reserved 1048576K
}
Event: 7.621 GC heap after
{Heap after GC invocations=18 (full 0):
 garbage-first heap   total 178176K, used 59342K [0x0000000080000000, 0x0000000100000000)
  region size 1024K, 1 young (1024K), 1 survivors (1024K)
 Metaspace       used 70165K, committed 71808K, reserved 1114112K
  class space    used 9377K, committed 10240K, reserved 1048576K
}
Event: 8.277 GC heap before
{Heap before GC invocations=18 (full 0):
 garbage-first heap   total 178176K, used 141262K [0x0000000080000000, 0x0000000100000000)
  region size 1024K, 81 young (82944K), 1 survivors (1024K)
 Metaspace       used 74982K, committed 76672K, reserved 1179648K
  class space    used 9894K, committed 10752K, reserved 1048576K
}
Event: 8.281 GC heap after
{Heap after GC invocations=19 (full 0):
 garbage-first heap   total 178176K, used 64136K [0x0000000080000000, 0x0000000100000000)
  region size 1024K, 6 young (6144K), 6 survivors (6144K)
 Metaspace       used 74982K, committed 76672K, reserved 1179648K
  class space    used 9894K, committed 10752K, reserved 1048576K
}
Event: 9.246 GC heap before
{Heap before GC invocations=19 (full 0):
 garbage-first heap   total 178176K, used 140936K [0x0000000080000000, 0x0000000100000000)
  region size 1024K, 82 young (83968K), 6 survivors (6144K)
 Metaspace       used 84556K, committed 86208K, reserved 1179648K
  class space    used 10932K, committed 11776K, reserved 1048576K
}
Event: 9.253 GC heap after
{Heap after GC invocations=20 (full 0):
 garbage-first heap   total 178176K, used 69635K [0x0000000080000000, 0x0000000100000000)
  region size 1024K, 11 young (11264K), 11 survivors (11264K)
 Metaspace       used 84556K, committed 86208K, reserved 1179648K
  class space    used 10932K, committed 11776K, reserved 1048576K
}
Event: 10.227 GC heap before
{Heap before GC invocations=20 (full 0):
 garbage-first heap   total 178176K, used 142339K [0x0000000080000000, 0x0000000100000000)
  region size 1024K, 82 young (83968K), 11 survivors (11264K)
 Metaspace       used 96127K, committed 97856K, reserved 1179648K
  class space    used 12099K, committed 12992K, reserved 1048576K
}
Event: 10.234 GC heap after
{Heap after GC invocations=21 (full 0):
 garbage-first heap   total 178176K, used 71624K [0x0000000080000000, 0x0000000100000000)
  region size 1024K, 8 young (8192K), 8 survivors (8192K)
 Metaspace       used 96127K, committed 97856K, reserved 1179648K
  class space    used 12099K, committed 12992K, reserved 1048576K
}
Event: 10.663 GC heap before
{Heap before GC invocations=22 (full 0):
 garbage-first heap   total 178176K, used 145352K [0x0000000080000000, 0x0000000100000000)
  region size 1024K, 79 young (80896K), 8 survivors (8192K)
 Metaspace       used 98124K, committed 99968K, reserved 1179648K
  class space    used 12412K, committed 13376K, reserved 1048576K
}
Event: 10.670 GC heap after
{Heap after GC invocations=23 (full 0):
 garbage-first heap   total 178176K, used 78542K [0x0000000080000000, 0x0000000100000000)
  region size 1024K, 10 young (10240K), 10 survivors (10240K)
 Metaspace       used 98124K, committed 99968K, reserved 1179648K
  class space    used 12412K, committed 13376K, reserved 1048576K
}
Event: 10.674 GC heap before
{Heap before GC invocations=23 (full 0):
 garbage-first heap   total 178176K, used 79566K [0x0000000080000000, 0x0000000100000000)
  region size 1024K, 11 young (11264K), 10 survivors (10240K)
 Metaspace       used 98133K, committed 99968K, reserved 1179648K
  class space    used 12412K, committed 13376K, reserved 1048576K
}
Event: 10.679 GC heap after
{Heap after GC invocations=24 (full 0):
 garbage-first heap   total 178176K, used 79340K [0x0000000080000000, 0x0000000100000000)
  region size 1024K, 2 young (2048K), 2 survivors (2048K)
 Metaspace       used 98133K, committed 99968K, reserved 1179648K
  class space    used 12412K, committed 13376K, reserved 1048576K
}
Event: 11.686 GC heap before
{Heap before GC invocations=24 (full 0):
 garbage-first heap   total 178176K, used 142828K [0x0000000080000000, 0x0000000100000000)
  region size 1024K, 65 young (66560K), 2 survivors (2048K)
 Metaspace       used 104378K, committed 106368K, reserved 1179648K
  class space    used 13311K, committed 14336K, reserved 1048576K
}

